2018-06-11 14:32:35,463 - main.py[line:77] - INFO: Namespace(CRF=True, batch_size=64, clip=5.0, demo_model='1528288718', dropout=0.5, embedding_dim=300, epoch=40, hidden_dim=300, lr=0.001, mode='test', optimizer='Adam', pretrain_embedding='random', shuffle=True, test_data='data_path', train_data='data_path', update_embedding=True)
2018-06-11 14:32:37,294 - model.py[line:170] - INFO: =========== testing ===========
2018-06-11 14:32:37,294 - model.py[line:170] - INFO: =========== testing ===========
2018-06-11 14:35:46,587 - main.py[line:77] - INFO: Namespace(CRF=True, batch_size=64, clip=5.0, demo_model='1528288718', dropout=0.5, embedding_dim=300, epoch=40, hidden_dim=300, lr=0.001, mode='test', optimizer='Adam', pretrain_embedding='random', shuffle=True, test_data='data_path', train_data='data_path', update_embedding=True)
2018-06-11 14:35:48,736 - model.py[line:170] - INFO: =========== testing ===========
2018-06-11 14:35:48,736 - model.py[line:170] - INFO: =========== testing ===========
2018-06-11 14:38:53,128 - main.py[line:77] - INFO: Namespace(CRF=True, batch_size=64, clip=5.0, demo_model='1528288718', dropout=0.5, embedding_dim=300, epoch=40, hidden_dim=300, lr=0.001, mode='test', optimizer='Adam', pretrain_embedding='random', shuffle=True, test_data='data_path', train_data='data_path', update_embedding=True)
2018-06-11 14:38:54,961 - model.py[line:170] - INFO: =========== testing ===========
2018-06-11 14:38:54,961 - model.py[line:170] - INFO: =========== testing ===========
2018-06-11 14:53:58,747 - main.py[line:77] - INFO: Namespace(CRF=True, batch_size=64, clip=5.0, demo_model='1521112368', dropout=0.5, embedding_dim=300, epoch=40, hidden_dim=300, lr=0.001, mode='train', optimizer='Adam', pretrain_embedding='random', shuffle=True, test_data='data_path', train_data='data_path', update_embedding=True)
2018-06-11 14:54:05,295 - model.py[line:219] - INFO: 2018-06-11 14:54:01 epoch 1, step 1, loss: 77.89, global_step: 1
2018-06-11 14:54:05,295 - model.py[line:219] - INFO: 2018-06-11 14:54:01 epoch 1, step 1, loss: 77.89, global_step: 1
2018-06-11 14:54:14,437 - model.py[line:219] - INFO: 2018-06-11 14:54:01 epoch 1, step 5, loss: 53.85, global_step: 5
2018-06-11 14:54:14,437 - model.py[line:219] - INFO: 2018-06-11 14:54:01 epoch 1, step 5, loss: 53.85, global_step: 5
2018-06-11 14:54:15,124 - model.py[line:226] - INFO: ===========validation / test===========
2018-06-11 14:54:15,124 - model.py[line:226] - INFO: ===========validation / test===========
2018-06-11 14:54:22,391 - model.py[line:219] - INFO: 2018-06-11 14:54:19 epoch 2, step 1, loss: 47.42, global_step: 6
2018-06-11 14:54:22,391 - model.py[line:219] - INFO: 2018-06-11 14:54:19 epoch 2, step 1, loss: 47.42, global_step: 6
2018-06-11 14:54:31,538 - model.py[line:219] - INFO: 2018-06-11 14:54:19 epoch 2, step 5, loss: 45.33, global_step: 10
2018-06-11 14:54:31,538 - model.py[line:219] - INFO: 2018-06-11 14:54:19 epoch 2, step 5, loss: 45.33, global_step: 10
2018-06-11 14:54:32,259 - model.py[line:226] - INFO: ===========validation / test===========
2018-06-11 14:54:32,259 - model.py[line:226] - INFO: ===========validation / test===========
2018-06-11 14:54:39,349 - model.py[line:219] - INFO: 2018-06-11 14:54:36 epoch 3, step 1, loss: 49.03, global_step: 11
2018-06-11 14:54:39,349 - model.py[line:219] - INFO: 2018-06-11 14:54:36 epoch 3, step 1, loss: 49.03, global_step: 11
2018-06-11 14:54:48,610 - model.py[line:219] - INFO: 2018-06-11 14:54:36 epoch 3, step 5, loss: 32.04, global_step: 15
2018-06-11 14:54:48,610 - model.py[line:219] - INFO: 2018-06-11 14:54:36 epoch 3, step 5, loss: 32.04, global_step: 15
2018-06-11 14:54:49,162 - model.py[line:226] - INFO: ===========validation / test===========
2018-06-11 14:54:49,162 - model.py[line:226] - INFO: ===========validation / test===========
2018-06-11 14:54:55,606 - model.py[line:219] - INFO: 2018-06-11 14:54:53 epoch 4, step 1, loss: 30.77, global_step: 16
2018-06-11 14:54:55,606 - model.py[line:219] - INFO: 2018-06-11 14:54:53 epoch 4, step 1, loss: 30.77, global_step: 16
2018-06-11 14:55:04,812 - model.py[line:219] - INFO: 2018-06-11 14:54:53 epoch 4, step 5, loss: 35.38, global_step: 20
2018-06-11 14:55:04,812 - model.py[line:219] - INFO: 2018-06-11 14:54:53 epoch 4, step 5, loss: 35.38, global_step: 20
2018-06-11 14:55:05,726 - model.py[line:226] - INFO: ===========validation / test===========
2018-06-11 14:55:05,726 - model.py[line:226] - INFO: ===========validation / test===========
2018-06-11 14:55:13,161 - model.py[line:219] - INFO: 2018-06-11 14:55:10 epoch 5, step 1, loss: 40.85, global_step: 21
2018-06-11 14:55:13,161 - model.py[line:219] - INFO: 2018-06-11 14:55:10 epoch 5, step 1, loss: 40.85, global_step: 21
2018-06-11 14:55:23,617 - model.py[line:219] - INFO: 2018-06-11 14:55:10 epoch 5, step 5, loss: 40.92, global_step: 25
2018-06-11 14:55:23,617 - model.py[line:219] - INFO: 2018-06-11 14:55:10 epoch 5, step 5, loss: 40.92, global_step: 25
2018-06-11 14:55:24,237 - model.py[line:226] - INFO: ===========validation / test===========
2018-06-11 14:55:24,237 - model.py[line:226] - INFO: ===========validation / test===========
2018-06-11 14:55:31,610 - model.py[line:219] - INFO: 2018-06-11 14:55:28 epoch 6, step 1, loss: 37.52, global_step: 26
2018-06-11 14:55:31,610 - model.py[line:219] - INFO: 2018-06-11 14:55:28 epoch 6, step 1, loss: 37.52, global_step: 26
2018-06-11 14:55:40,968 - model.py[line:219] - INFO: 2018-06-11 14:55:28 epoch 6, step 5, loss: 39.95, global_step: 30
2018-06-11 14:55:40,968 - model.py[line:219] - INFO: 2018-06-11 14:55:28 epoch 6, step 5, loss: 39.95, global_step: 30
2018-06-11 14:55:41,583 - model.py[line:226] - INFO: ===========validation / test===========
2018-06-11 14:55:41,583 - model.py[line:226] - INFO: ===========validation / test===========
2018-06-11 14:55:48,521 - model.py[line:219] - INFO: 2018-06-11 14:55:46 epoch 7, step 1, loss: 34.68, global_step: 31
2018-06-11 14:55:48,521 - model.py[line:219] - INFO: 2018-06-11 14:55:46 epoch 7, step 1, loss: 34.68, global_step: 31
2018-06-11 14:55:58,259 - model.py[line:219] - INFO: 2018-06-11 14:55:46 epoch 7, step 5, loss: 42.04, global_step: 35
2018-06-11 14:55:58,259 - model.py[line:219] - INFO: 2018-06-11 14:55:46 epoch 7, step 5, loss: 42.04, global_step: 35
2018-06-11 14:55:58,817 - model.py[line:226] - INFO: ===========validation / test===========
2018-06-11 14:55:58,817 - model.py[line:226] - INFO: ===========validation / test===========
2018-06-11 14:56:06,137 - model.py[line:219] - INFO: 2018-06-11 14:56:03 epoch 8, step 1, loss: 31.31, global_step: 36
2018-06-11 14:56:06,137 - model.py[line:219] - INFO: 2018-06-11 14:56:03 epoch 8, step 1, loss: 31.31, global_step: 36
2018-06-11 14:56:15,774 - model.py[line:219] - INFO: 2018-06-11 14:56:03 epoch 8, step 5, loss: 39.29, global_step: 40
2018-06-11 14:56:15,774 - model.py[line:219] - INFO: 2018-06-11 14:56:03 epoch 8, step 5, loss: 39.29, global_step: 40
2018-06-11 14:56:16,370 - model.py[line:226] - INFO: ===========validation / test===========
2018-06-11 14:56:16,370 - model.py[line:226] - INFO: ===========validation / test===========
2018-06-11 14:56:24,024 - model.py[line:219] - INFO: 2018-06-11 14:56:20 epoch 9, step 1, loss: 35.34, global_step: 41
2018-06-11 14:56:24,024 - model.py[line:219] - INFO: 2018-06-11 14:56:20 epoch 9, step 1, loss: 35.34, global_step: 41
2018-06-11 14:56:33,717 - model.py[line:219] - INFO: 2018-06-11 14:56:20 epoch 9, step 5, loss: 28.21, global_step: 45
2018-06-11 14:56:33,717 - model.py[line:219] - INFO: 2018-06-11 14:56:20 epoch 9, step 5, loss: 28.21, global_step: 45
2018-06-11 14:56:34,299 - model.py[line:226] - INFO: ===========validation / test===========
2018-06-11 14:56:34,299 - model.py[line:226] - INFO: ===========validation / test===========
2018-06-11 14:56:41,515 - model.py[line:219] - INFO: 2018-06-11 14:56:38 epoch 10, step 1, loss: 29.79, global_step: 46
2018-06-11 14:56:41,515 - model.py[line:219] - INFO: 2018-06-11 14:56:38 epoch 10, step 1, loss: 29.79, global_step: 46
2018-06-11 14:56:51,169 - model.py[line:219] - INFO: 2018-06-11 14:56:38 epoch 10, step 5, loss: 29.28, global_step: 50
2018-06-11 14:56:51,169 - model.py[line:219] - INFO: 2018-06-11 14:56:38 epoch 10, step 5, loss: 29.28, global_step: 50
2018-06-11 14:56:51,910 - model.py[line:226] - INFO: ===========validation / test===========
2018-06-11 14:56:51,910 - model.py[line:226] - INFO: ===========validation / test===========
2018-06-11 14:56:58,137 - model.py[line:219] - INFO: 2018-06-11 14:56:56 epoch 11, step 1, loss: 31.09, global_step: 51
2018-06-11 14:56:58,137 - model.py[line:219] - INFO: 2018-06-11 14:56:56 epoch 11, step 1, loss: 31.09, global_step: 51
2018-06-11 14:57:07,289 - model.py[line:219] - INFO: 2018-06-11 14:56:56 epoch 11, step 5, loss: 33.65, global_step: 55
2018-06-11 14:57:07,289 - model.py[line:219] - INFO: 2018-06-11 14:56:56 epoch 11, step 5, loss: 33.65, global_step: 55
2018-06-11 14:57:08,025 - model.py[line:226] - INFO: ===========validation / test===========
2018-06-11 14:57:08,025 - model.py[line:226] - INFO: ===========validation / test===========
2018-06-11 14:57:14,808 - model.py[line:219] - INFO: 2018-06-11 14:57:12 epoch 12, step 1, loss: 31.0, global_step: 56
2018-06-11 14:57:14,808 - model.py[line:219] - INFO: 2018-06-11 14:57:12 epoch 12, step 1, loss: 31.0, global_step: 56
2018-06-11 14:57:24,190 - model.py[line:219] - INFO: 2018-06-11 14:57:12 epoch 12, step 5, loss: 17.99, global_step: 60
2018-06-11 14:57:24,190 - model.py[line:219] - INFO: 2018-06-11 14:57:12 epoch 12, step 5, loss: 17.99, global_step: 60
2018-06-11 14:57:24,789 - model.py[line:226] - INFO: ===========validation / test===========
2018-06-11 14:57:24,789 - model.py[line:226] - INFO: ===========validation / test===========
2018-06-11 14:57:32,019 - model.py[line:219] - INFO: 2018-06-11 14:57:29 epoch 13, step 1, loss: 25.51, global_step: 61
2018-06-11 14:57:32,019 - model.py[line:219] - INFO: 2018-06-11 14:57:29 epoch 13, step 1, loss: 25.51, global_step: 61
2018-06-11 14:57:41,092 - model.py[line:219] - INFO: 2018-06-11 14:57:29 epoch 13, step 5, loss: 29.54, global_step: 65
2018-06-11 14:57:41,092 - model.py[line:219] - INFO: 2018-06-11 14:57:29 epoch 13, step 5, loss: 29.54, global_step: 65
2018-06-11 14:57:42,085 - model.py[line:226] - INFO: ===========validation / test===========
2018-06-11 14:57:42,085 - model.py[line:226] - INFO: ===========validation / test===========
2018-06-11 14:57:48,534 - model.py[line:219] - INFO: 2018-06-11 14:57:46 epoch 14, step 1, loss: 22.67, global_step: 66
2018-06-11 14:57:48,534 - model.py[line:219] - INFO: 2018-06-11 14:57:46 epoch 14, step 1, loss: 22.67, global_step: 66
2018-06-11 14:57:59,014 - model.py[line:219] - INFO: 2018-06-11 14:57:46 epoch 14, step 5, loss: 20.75, global_step: 70
2018-06-11 14:57:59,014 - model.py[line:219] - INFO: 2018-06-11 14:57:46 epoch 14, step 5, loss: 20.75, global_step: 70
2018-06-11 14:58:00,075 - model.py[line:226] - INFO: ===========validation / test===========
2018-06-11 14:58:00,075 - model.py[line:226] - INFO: ===========validation / test===========
2018-06-11 14:58:08,667 - model.py[line:219] - INFO: 2018-06-11 14:58:04 epoch 15, step 1, loss: 27.57, global_step: 71
2018-06-11 14:58:08,667 - model.py[line:219] - INFO: 2018-06-11 14:58:04 epoch 15, step 1, loss: 27.57, global_step: 71
2018-06-11 14:58:18,145 - model.py[line:219] - INFO: 2018-06-11 14:58:04 epoch 15, step 5, loss: 23.31, global_step: 75
2018-06-11 14:58:18,145 - model.py[line:219] - INFO: 2018-06-11 14:58:04 epoch 15, step 5, loss: 23.31, global_step: 75
2018-06-11 14:58:18,808 - model.py[line:226] - INFO: ===========validation / test===========
2018-06-11 14:58:18,808 - model.py[line:226] - INFO: ===========validation / test===========
2018-06-11 14:58:26,685 - model.py[line:219] - INFO: 2018-06-11 14:58:23 epoch 16, step 1, loss: 27.78, global_step: 76
2018-06-11 14:58:26,685 - model.py[line:219] - INFO: 2018-06-11 14:58:23 epoch 16, step 1, loss: 27.78, global_step: 76
2018-06-11 14:58:36,101 - model.py[line:219] - INFO: 2018-06-11 14:58:23 epoch 16, step 5, loss: 20.51, global_step: 80
2018-06-11 14:58:36,101 - model.py[line:219] - INFO: 2018-06-11 14:58:23 epoch 16, step 5, loss: 20.51, global_step: 80
2018-06-11 14:58:36,696 - model.py[line:226] - INFO: ===========validation / test===========
2018-06-11 14:58:36,696 - model.py[line:226] - INFO: ===========validation / test===========
2018-06-11 14:58:44,811 - model.py[line:219] - INFO: 2018-06-11 14:58:41 epoch 17, step 1, loss: 20.89, global_step: 81
2018-06-11 14:58:44,811 - model.py[line:219] - INFO: 2018-06-11 14:58:41 epoch 17, step 1, loss: 20.89, global_step: 81
2018-06-11 14:58:55,125 - model.py[line:219] - INFO: 2018-06-11 14:58:41 epoch 17, step 5, loss: 25.15, global_step: 85
2018-06-11 14:58:55,125 - model.py[line:219] - INFO: 2018-06-11 14:58:41 epoch 17, step 5, loss: 25.15, global_step: 85
2018-06-11 14:58:56,184 - model.py[line:226] - INFO: ===========validation / test===========
2018-06-11 14:58:56,184 - model.py[line:226] - INFO: ===========validation / test===========
2018-06-11 14:59:03,919 - model.py[line:219] - INFO: 2018-06-11 14:59:00 epoch 18, step 1, loss: 19.18, global_step: 86
2018-06-11 14:59:03,919 - model.py[line:219] - INFO: 2018-06-11 14:59:00 epoch 18, step 1, loss: 19.18, global_step: 86
2018-06-11 14:59:13,520 - model.py[line:219] - INFO: 2018-06-11 14:59:00 epoch 18, step 5, loss: 17.59, global_step: 90
2018-06-11 14:59:13,520 - model.py[line:219] - INFO: 2018-06-11 14:59:00 epoch 18, step 5, loss: 17.59, global_step: 90
2018-06-11 14:59:14,126 - model.py[line:226] - INFO: ===========validation / test===========
2018-06-11 14:59:14,126 - model.py[line:226] - INFO: ===========validation / test===========
2018-06-11 14:59:21,245 - model.py[line:219] - INFO: 2018-06-11 14:59:18 epoch 19, step 1, loss: 20.53, global_step: 91
2018-06-11 14:59:21,245 - model.py[line:219] - INFO: 2018-06-11 14:59:18 epoch 19, step 1, loss: 20.53, global_step: 91
2018-06-11 14:59:30,484 - model.py[line:219] - INFO: 2018-06-11 14:59:18 epoch 19, step 5, loss: 14.81, global_step: 95
2018-06-11 14:59:30,484 - model.py[line:219] - INFO: 2018-06-11 14:59:18 epoch 19, step 5, loss: 14.81, global_step: 95
2018-06-11 14:59:31,041 - model.py[line:226] - INFO: ===========validation / test===========
2018-06-11 14:59:31,041 - model.py[line:226] - INFO: ===========validation / test===========
2018-06-11 14:59:38,120 - model.py[line:219] - INFO: 2018-06-11 14:59:35 epoch 20, step 1, loss: 16.17, global_step: 96
2018-06-11 14:59:38,120 - model.py[line:219] - INFO: 2018-06-11 14:59:35 epoch 20, step 1, loss: 16.17, global_step: 96
2018-06-11 14:59:48,667 - model.py[line:219] - INFO: 2018-06-11 14:59:35 epoch 20, step 5, loss: 15.64, global_step: 100
2018-06-11 14:59:48,667 - model.py[line:219] - INFO: 2018-06-11 14:59:35 epoch 20, step 5, loss: 15.64, global_step: 100
2018-06-11 14:59:49,664 - model.py[line:226] - INFO: ===========validation / test===========
2018-06-11 14:59:49,664 - model.py[line:226] - INFO: ===========validation / test===========
2018-06-11 14:59:58,496 - model.py[line:219] - INFO: 2018-06-11 14:59:54 epoch 21, step 1, loss: 18.29, global_step: 101
2018-06-11 14:59:58,496 - model.py[line:219] - INFO: 2018-06-11 14:59:54 epoch 21, step 1, loss: 18.29, global_step: 101
2018-06-11 15:00:08,460 - model.py[line:219] - INFO: 2018-06-11 14:59:54 epoch 21, step 5, loss: 20.13, global_step: 105
2018-06-11 15:00:08,460 - model.py[line:219] - INFO: 2018-06-11 14:59:54 epoch 21, step 5, loss: 20.13, global_step: 105
2018-06-11 15:00:09,193 - model.py[line:226] - INFO: ===========validation / test===========
2018-06-11 15:00:09,193 - model.py[line:226] - INFO: ===========validation / test===========
2018-06-11 15:00:17,114 - model.py[line:219] - INFO: 2018-06-11 15:00:14 epoch 22, step 1, loss: 18.05, global_step: 106
2018-06-11 15:00:17,114 - model.py[line:219] - INFO: 2018-06-11 15:00:14 epoch 22, step 1, loss: 18.05, global_step: 106
2018-06-11 15:00:25,624 - model.py[line:219] - INFO: 2018-06-11 15:00:14 epoch 22, step 5, loss: 8.694, global_step: 110
2018-06-11 15:00:25,624 - model.py[line:219] - INFO: 2018-06-11 15:00:14 epoch 22, step 5, loss: 8.694, global_step: 110
2018-06-11 15:00:26,196 - model.py[line:226] - INFO: ===========validation / test===========
2018-06-11 15:00:26,196 - model.py[line:226] - INFO: ===========validation / test===========
2018-06-11 15:00:33,913 - model.py[line:219] - INFO: 2018-06-11 15:00:30 epoch 23, step 1, loss: 15.72, global_step: 111
2018-06-11 15:00:33,913 - model.py[line:219] - INFO: 2018-06-11 15:00:30 epoch 23, step 1, loss: 15.72, global_step: 111
2018-06-11 15:00:42,142 - model.py[line:219] - INFO: 2018-06-11 15:00:30 epoch 23, step 5, loss: 11.36, global_step: 115
2018-06-11 15:00:42,142 - model.py[line:219] - INFO: 2018-06-11 15:00:30 epoch 23, step 5, loss: 11.36, global_step: 115
2018-06-11 15:00:42,745 - model.py[line:226] - INFO: ===========validation / test===========
2018-06-11 15:00:42,745 - model.py[line:226] - INFO: ===========validation / test===========
2018-06-11 15:00:50,293 - model.py[line:219] - INFO: 2018-06-11 15:00:47 epoch 24, step 1, loss: 13.62, global_step: 116
2018-06-11 15:00:50,293 - model.py[line:219] - INFO: 2018-06-11 15:00:47 epoch 24, step 1, loss: 13.62, global_step: 116
2018-06-11 15:00:59,450 - model.py[line:219] - INFO: 2018-06-11 15:00:47 epoch 24, step 5, loss: 16.89, global_step: 120
2018-06-11 15:00:59,450 - model.py[line:219] - INFO: 2018-06-11 15:00:47 epoch 24, step 5, loss: 16.89, global_step: 120
2018-06-11 15:01:00,313 - model.py[line:226] - INFO: ===========validation / test===========
2018-06-11 15:01:00,313 - model.py[line:226] - INFO: ===========validation / test===========
2018-06-11 15:01:07,299 - model.py[line:219] - INFO: 2018-06-11 15:01:05 epoch 25, step 1, loss: 14.43, global_step: 121
2018-06-11 15:01:07,299 - model.py[line:219] - INFO: 2018-06-11 15:01:05 epoch 25, step 1, loss: 14.43, global_step: 121
2018-06-11 15:01:17,736 - model.py[line:219] - INFO: 2018-06-11 15:01:05 epoch 25, step 5, loss: 7.507, global_step: 125
2018-06-11 15:01:17,736 - model.py[line:219] - INFO: 2018-06-11 15:01:05 epoch 25, step 5, loss: 7.507, global_step: 125
2018-06-11 15:01:18,320 - model.py[line:226] - INFO: ===========validation / test===========
2018-06-11 15:01:18,320 - model.py[line:226] - INFO: ===========validation / test===========
2018-06-11 15:01:26,421 - model.py[line:219] - INFO: 2018-06-11 15:01:23 epoch 26, step 1, loss: 14.19, global_step: 126
2018-06-11 15:01:26,421 - model.py[line:219] - INFO: 2018-06-11 15:01:23 epoch 26, step 1, loss: 14.19, global_step: 126
2018-06-11 15:01:35,467 - model.py[line:219] - INFO: 2018-06-11 15:01:23 epoch 26, step 5, loss: 8.922, global_step: 130
2018-06-11 15:01:35,467 - model.py[line:219] - INFO: 2018-06-11 15:01:23 epoch 26, step 5, loss: 8.922, global_step: 130
2018-06-11 15:01:36,069 - model.py[line:226] - INFO: ===========validation / test===========
2018-06-11 15:01:36,069 - model.py[line:226] - INFO: ===========validation / test===========
2018-06-11 15:01:43,964 - model.py[line:219] - INFO: 2018-06-11 15:01:40 epoch 27, step 1, loss: 12.7, global_step: 131
2018-06-11 15:01:43,964 - model.py[line:219] - INFO: 2018-06-11 15:01:40 epoch 27, step 1, loss: 12.7, global_step: 131
2018-06-11 15:01:54,543 - model.py[line:219] - INFO: 2018-06-11 15:01:40 epoch 27, step 5, loss: 9.436, global_step: 135
2018-06-11 15:01:54,543 - model.py[line:219] - INFO: 2018-06-11 15:01:40 epoch 27, step 5, loss: 9.436, global_step: 135
2018-06-11 15:01:55,210 - model.py[line:226] - INFO: ===========validation / test===========
2018-06-11 15:01:55,210 - model.py[line:226] - INFO: ===========validation / test===========
2018-06-11 15:02:03,482 - model.py[line:219] - INFO: 2018-06-11 15:02:00 epoch 28, step 1, loss: 13.39, global_step: 136
2018-06-11 15:02:03,482 - model.py[line:219] - INFO: 2018-06-11 15:02:00 epoch 28, step 1, loss: 13.39, global_step: 136
2018-06-11 15:02:11,397 - model.py[line:219] - INFO: 2018-06-11 15:02:00 epoch 28, step 5, loss: 11.09, global_step: 140
2018-06-11 15:02:11,397 - model.py[line:219] - INFO: 2018-06-11 15:02:00 epoch 28, step 5, loss: 11.09, global_step: 140
2018-06-11 15:02:11,969 - model.py[line:226] - INFO: ===========validation / test===========
2018-06-11 15:02:11,969 - model.py[line:226] - INFO: ===========validation / test===========
2018-06-11 15:02:19,157 - model.py[line:219] - INFO: 2018-06-11 15:02:16 epoch 29, step 1, loss: 10.83, global_step: 141
2018-06-11 15:02:19,157 - model.py[line:219] - INFO: 2018-06-11 15:02:16 epoch 29, step 1, loss: 10.83, global_step: 141
2018-06-11 15:02:28,987 - model.py[line:219] - INFO: 2018-06-11 15:02:16 epoch 29, step 5, loss: 9.789, global_step: 145
2018-06-11 15:02:28,987 - model.py[line:219] - INFO: 2018-06-11 15:02:16 epoch 29, step 5, loss: 9.789, global_step: 145
2018-06-11 15:02:29,638 - model.py[line:226] - INFO: ===========validation / test===========
2018-06-11 15:02:29,638 - model.py[line:226] - INFO: ===========validation / test===========
2018-06-11 15:02:37,483 - model.py[line:219] - INFO: 2018-06-11 15:02:34 epoch 30, step 1, loss: 11.03, global_step: 146
2018-06-11 15:02:37,483 - model.py[line:219] - INFO: 2018-06-11 15:02:34 epoch 30, step 1, loss: 11.03, global_step: 146
2018-06-11 15:02:47,731 - model.py[line:219] - INFO: 2018-06-11 15:02:34 epoch 30, step 5, loss: 12.39, global_step: 150
2018-06-11 15:02:47,731 - model.py[line:219] - INFO: 2018-06-11 15:02:34 epoch 30, step 5, loss: 12.39, global_step: 150
2018-06-11 15:02:48,358 - model.py[line:226] - INFO: ===========validation / test===========
2018-06-11 15:02:48,358 - model.py[line:226] - INFO: ===========validation / test===========
2018-06-11 15:02:55,346 - model.py[line:219] - INFO: 2018-06-11 15:02:52 epoch 31, step 1, loss: 10.07, global_step: 151
2018-06-11 15:02:55,346 - model.py[line:219] - INFO: 2018-06-11 15:02:52 epoch 31, step 1, loss: 10.07, global_step: 151
2018-06-11 15:03:05,117 - model.py[line:219] - INFO: 2018-06-11 15:02:52 epoch 31, step 5, loss: 9.772, global_step: 155
2018-06-11 15:03:05,117 - model.py[line:219] - INFO: 2018-06-11 15:02:52 epoch 31, step 5, loss: 9.772, global_step: 155
2018-06-11 15:03:05,859 - model.py[line:226] - INFO: ===========validation / test===========
2018-06-11 15:03:05,859 - model.py[line:226] - INFO: ===========validation / test===========
2018-06-11 15:03:12,725 - model.py[line:219] - INFO: 2018-06-11 15:03:10 epoch 32, step 1, loss: 8.521, global_step: 156
2018-06-11 15:03:12,725 - model.py[line:219] - INFO: 2018-06-11 15:03:10 epoch 32, step 1, loss: 8.521, global_step: 156
2018-06-11 15:03:23,072 - model.py[line:219] - INFO: 2018-06-11 15:03:10 epoch 32, step 5, loss: 10.89, global_step: 160
2018-06-11 15:03:23,072 - model.py[line:219] - INFO: 2018-06-11 15:03:10 epoch 32, step 5, loss: 10.89, global_step: 160
2018-06-11 15:03:23,781 - model.py[line:226] - INFO: ===========validation / test===========
2018-06-11 15:03:23,781 - model.py[line:226] - INFO: ===========validation / test===========
2018-06-11 15:03:31,031 - model.py[line:219] - INFO: 2018-06-11 15:03:28 epoch 33, step 1, loss: 11.25, global_step: 161
2018-06-11 15:03:31,031 - model.py[line:219] - INFO: 2018-06-11 15:03:28 epoch 33, step 1, loss: 11.25, global_step: 161
2018-06-11 15:03:40,981 - model.py[line:219] - INFO: 2018-06-11 15:03:28 epoch 33, step 5, loss: 10.09, global_step: 165
2018-06-11 15:03:40,981 - model.py[line:219] - INFO: 2018-06-11 15:03:28 epoch 33, step 5, loss: 10.09, global_step: 165
2018-06-11 15:03:41,559 - model.py[line:226] - INFO: ===========validation / test===========
2018-06-11 15:03:41,559 - model.py[line:226] - INFO: ===========validation / test===========
2018-06-11 15:03:48,723 - model.py[line:219] - INFO: 2018-06-11 15:03:45 epoch 34, step 1, loss: 9.653, global_step: 166
2018-06-11 15:03:48,723 - model.py[line:219] - INFO: 2018-06-11 15:03:45 epoch 34, step 1, loss: 9.653, global_step: 166
2018-06-11 15:03:58,133 - model.py[line:219] - INFO: 2018-06-11 15:03:45 epoch 34, step 5, loss: 5.78, global_step: 170
2018-06-11 15:03:58,133 - model.py[line:219] - INFO: 2018-06-11 15:03:45 epoch 34, step 5, loss: 5.78, global_step: 170
2018-06-11 15:03:58,867 - model.py[line:226] - INFO: ===========validation / test===========
2018-06-11 15:03:58,867 - model.py[line:226] - INFO: ===========validation / test===========
2018-06-11 15:04:06,367 - model.py[line:219] - INFO: 2018-06-11 15:04:03 epoch 35, step 1, loss: 9.956, global_step: 171
2018-06-11 15:04:06,367 - model.py[line:219] - INFO: 2018-06-11 15:04:03 epoch 35, step 1, loss: 9.956, global_step: 171
2018-06-11 15:04:16,162 - model.py[line:219] - INFO: 2018-06-11 15:04:03 epoch 35, step 5, loss: 7.531, global_step: 175
2018-06-11 15:04:16,162 - model.py[line:219] - INFO: 2018-06-11 15:04:03 epoch 35, step 5, loss: 7.531, global_step: 175
2018-06-11 15:04:16,771 - model.py[line:226] - INFO: ===========validation / test===========
2018-06-11 15:04:16,771 - model.py[line:226] - INFO: ===========validation / test===========
2018-06-11 15:04:23,888 - model.py[line:219] - INFO: 2018-06-11 15:04:21 epoch 36, step 1, loss: 8.439, global_step: 176
2018-06-11 15:04:23,888 - model.py[line:219] - INFO: 2018-06-11 15:04:21 epoch 36, step 1, loss: 8.439, global_step: 176
2018-06-11 15:04:34,500 - model.py[line:219] - INFO: 2018-06-11 15:04:21 epoch 36, step 5, loss: 7.22, global_step: 180
2018-06-11 15:04:34,500 - model.py[line:219] - INFO: 2018-06-11 15:04:21 epoch 36, step 5, loss: 7.22, global_step: 180
2018-06-11 15:04:35,077 - model.py[line:226] - INFO: ===========validation / test===========
2018-06-11 15:04:35,077 - model.py[line:226] - INFO: ===========validation / test===========
2018-06-11 15:04:42,001 - model.py[line:219] - INFO: 2018-06-11 15:04:39 epoch 37, step 1, loss: 7.706, global_step: 181
2018-06-11 15:04:42,001 - model.py[line:219] - INFO: 2018-06-11 15:04:39 epoch 37, step 1, loss: 7.706, global_step: 181
2018-06-11 15:04:52,456 - model.py[line:219] - INFO: 2018-06-11 15:04:39 epoch 37, step 5, loss: 8.063, global_step: 185
2018-06-11 15:04:52,456 - model.py[line:219] - INFO: 2018-06-11 15:04:39 epoch 37, step 5, loss: 8.063, global_step: 185
2018-06-11 15:04:53,136 - model.py[line:226] - INFO: ===========validation / test===========
2018-06-11 15:04:53,136 - model.py[line:226] - INFO: ===========validation / test===========
2018-06-11 15:05:00,375 - model.py[line:219] - INFO: 2018-06-11 15:04:57 epoch 38, step 1, loss: 8.311, global_step: 186
2018-06-11 15:05:00,375 - model.py[line:219] - INFO: 2018-06-11 15:04:57 epoch 38, step 1, loss: 8.311, global_step: 186
2018-06-11 15:05:08,605 - model.py[line:219] - INFO: 2018-06-11 15:04:57 epoch 38, step 5, loss: 7.291, global_step: 190
2018-06-11 15:05:08,605 - model.py[line:219] - INFO: 2018-06-11 15:04:57 epoch 38, step 5, loss: 7.291, global_step: 190
2018-06-11 15:05:09,183 - model.py[line:226] - INFO: ===========validation / test===========
2018-06-11 15:05:09,183 - model.py[line:226] - INFO: ===========validation / test===========
2018-06-11 15:05:16,328 - model.py[line:219] - INFO: 2018-06-11 15:05:13 epoch 39, step 1, loss: 7.86, global_step: 191
2018-06-11 15:05:16,328 - model.py[line:219] - INFO: 2018-06-11 15:05:13 epoch 39, step 1, loss: 7.86, global_step: 191
2018-06-11 15:05:25,616 - model.py[line:219] - INFO: 2018-06-11 15:05:13 epoch 39, step 5, loss: 8.437, global_step: 195
2018-06-11 15:05:25,616 - model.py[line:219] - INFO: 2018-06-11 15:05:13 epoch 39, step 5, loss: 8.437, global_step: 195
2018-06-11 15:05:26,160 - model.py[line:226] - INFO: ===========validation / test===========
2018-06-11 15:05:26,160 - model.py[line:226] - INFO: ===========validation / test===========
2018-06-11 15:05:32,730 - model.py[line:219] - INFO: 2018-06-11 15:05:30 epoch 40, step 1, loss: 7.638, global_step: 196
2018-06-11 15:05:32,730 - model.py[line:219] - INFO: 2018-06-11 15:05:30 epoch 40, step 1, loss: 7.638, global_step: 196
2018-06-11 15:05:41,524 - model.py[line:219] - INFO: 2018-06-11 15:05:30 epoch 40, step 5, loss: 6.667, global_step: 200
2018-06-11 15:05:41,524 - model.py[line:219] - INFO: 2018-06-11 15:05:30 epoch 40, step 5, loss: 6.667, global_step: 200
2018-06-11 15:05:42,069 - model.py[line:226] - INFO: ===========validation / test===========
2018-06-11 15:05:42,069 - model.py[line:226] - INFO: ===========validation / test===========
2018-06-11 15:11:54,070 - main.py[line:77] - INFO: Namespace(CRF=True, batch_size=64, clip=5.0, demo_model='1528700038', dropout=0.5, embedding_dim=300, epoch=40, hidden_dim=300, lr=0.001, mode='demo', optimizer='Adam', pretrain_embedding='random', shuffle=True, test_data='data_path', train_data='data_path', update_embedding=True)
2018-06-11 15:21:50,852 - main.py[line:77] - INFO: Namespace(CRF=True, batch_size=64, clip=5.0, demo_model='1528700038', dropout=0.5, embedding_dim=300, epoch=40, hidden_dim=300, lr=0.001, mode='test', optimizer='Adam', pretrain_embedding='random', shuffle=True, test_data='data_path', train_data='data_path', update_embedding=True)
2018-06-11 15:21:52,438 - model.py[line:170] - INFO: =========== testing ===========
2018-06-11 15:21:52,438 - model.py[line:170] - INFO: =========== testing ===========
2018-06-11 17:11:35,117 - main.py[line:77] - INFO: Namespace(CRF=True, batch_size=64, clip=5.0, demo_model='1528700038', dropout=0.5, embedding_dim=300, epoch=40, hidden_dim=300, lr=0.001, mode='test', optimizer='Adam', pretrain_embedding='random', shuffle=True, test_data='data_path', train_data='data_path', update_embedding=True)
2018-06-11 17:11:37,099 - model.py[line:170] - INFO: =========== testing ===========
2018-06-11 17:11:37,099 - model.py[line:170] - INFO: =========== testing ===========
2018-06-11 17:19:52,018 - main.py[line:77] - INFO: Namespace(CRF=True, batch_size=64, clip=5.0, demo_model='1528700038', dropout=0.5, embedding_dim=300, epoch=40, hidden_dim=300, lr=0.001, mode='test', optimizer='Adam', pretrain_embedding='random', shuffle=True, test_data='data_path', train_data='data_path', update_embedding=True)
2018-06-11 17:19:53,805 - model.py[line:170] - INFO: =========== testing ===========
2018-06-11 17:19:53,805 - model.py[line:170] - INFO: =========== testing ===========
2018-06-11 17:21:47,098 - main.py[line:77] - INFO: Namespace(CRF=True, batch_size=64, clip=5.0, demo_model='1528700038', dropout=0.5, embedding_dim=300, epoch=40, hidden_dim=300, lr=0.001, mode='test', optimizer='Adam', pretrain_embedding='random', shuffle=True, test_data='data_path', train_data='data_path', update_embedding=True)
2018-06-11 17:21:48,837 - model.py[line:170] - INFO: =========== testing ===========
2018-06-11 17:21:48,837 - model.py[line:170] - INFO: =========== testing ===========
2018-06-11 17:23:36,358 - main.py[line:77] - INFO: Namespace(CRF=True, batch_size=64, clip=5.0, demo_model='1528700038', dropout=0.5, embedding_dim=300, epoch=40, hidden_dim=300, lr=0.001, mode='test', optimizer='Adam', pretrain_embedding='random', shuffle=True, test_data='data_path', train_data='data_path', update_embedding=True)
2018-06-11 17:23:37,879 - model.py[line:170] - INFO: =========== testing ===========
2018-06-11 17:23:37,879 - model.py[line:170] - INFO: =========== testing ===========
2018-06-11 17:24:19,652 - main.py[line:77] - INFO: Namespace(CRF=True, batch_size=64, clip=5.0, demo_model='1528700038', dropout=0.5, embedding_dim=300, epoch=40, hidden_dim=300, lr=0.001, mode='test', optimizer='Adam', pretrain_embedding='random', shuffle=True, test_data='data_path', train_data='data_path', update_embedding=True)
2018-06-11 17:24:21,550 - model.py[line:170] - INFO: =========== testing ===========
2018-06-11 17:24:21,550 - model.py[line:170] - INFO: =========== testing ===========
2018-06-11 17:25:55,297 - main.py[line:77] - INFO: Namespace(CRF=True, batch_size=64, clip=5.0, demo_model='1528700038', dropout=0.5, embedding_dim=300, epoch=40, hidden_dim=300, lr=0.001, mode='test', optimizer='Adam', pretrain_embedding='random', shuffle=True, test_data='data_path', train_data='data_path', update_embedding=True)
2018-06-11 17:25:57,391 - model.py[line:170] - INFO: =========== testing ===========
2018-06-11 17:25:57,391 - model.py[line:170] - INFO: =========== testing ===========
2018-06-11 17:33:20,803 - main.py[line:77] - INFO: Namespace(CRF=True, batch_size=64, clip=5.0, demo_model='1528700038', dropout=0.5, embedding_dim=300, epoch=40, hidden_dim=300, lr=0.001, mode='test', optimizer='Adam', pretrain_embedding='random', shuffle=True, test_data='data_path', train_data='data_path', update_embedding=True)
2018-06-11 17:33:22,507 - model.py[line:170] - INFO: =========== testing ===========
2018-06-11 17:33:22,507 - model.py[line:170] - INFO: =========== testing ===========
2018-06-11 17:35:10,331 - main.py[line:77] - INFO: Namespace(CRF=True, batch_size=64, clip=5.0, demo_model='1528700038', dropout=0.5, embedding_dim=300, epoch=40, hidden_dim=300, lr=0.001, mode='test', optimizer='Adam', pretrain_embedding='random', shuffle=True, test_data='data_path', train_data='data_path', update_embedding=True)
2018-06-11 17:35:12,461 - model.py[line:170] - INFO: =========== testing ===========
2018-06-11 17:35:12,461 - model.py[line:170] - INFO: =========== testing ===========
2018-06-11 17:37:49,851 - main.py[line:77] - INFO: Namespace(CRF=True, batch_size=64, clip=5.0, demo_model='1528700038', dropout=0.5, embedding_dim=300, epoch=40, hidden_dim=300, lr=0.001, mode='test', optimizer='Adam', pretrain_embedding='random', shuffle=True, test_data='data_path', train_data='data_path', update_embedding=True)
2018-06-11 17:37:52,129 - model.py[line:170] - INFO: =========== testing ===========
2018-06-11 17:37:52,129 - model.py[line:170] - INFO: =========== testing ===========
2018-06-11 18:31:50,114 - main.py[line:77] - INFO: Namespace(CRF=True, batch_size=64, clip=5.0, demo_model='1528700038', dropout=0.5, embedding_dim=300, epoch=40, hidden_dim=300, lr=0.001, mode='test', optimizer='Adam', pretrain_embedding='random', shuffle=True, test_data='data_path', train_data='data_path', update_embedding=True)
2018-06-11 18:31:52,187 - model.py[line:170] - INFO: =========== testing ===========
2018-06-11 18:31:52,187 - model.py[line:170] - INFO: =========== testing ===========
2018-06-11 18:56:08,626 - main.py[line:77] - INFO: Namespace(CRF=True, batch_size=64, clip=5.0, demo_model='1528700038', dropout=0.5, embedding_dim=300, epoch=40, hidden_dim=300, lr=0.001, mode='test', optimizer='Adam', pretrain_embedding='random', shuffle=True, test_data='data_path', train_data='data_path', update_embedding=True)
2018-06-11 18:56:10,287 - model.py[line:170] - INFO: =========== testing ===========
2018-06-11 18:56:10,287 - model.py[line:170] - INFO: =========== testing ===========
2018-06-11 18:58:52,877 - main.py[line:77] - INFO: Namespace(CRF=True, batch_size=64, clip=5.0, demo_model='1528700038', dropout=0.5, embedding_dim=300, epoch=40, hidden_dim=300, lr=0.001, mode='test', optimizer='Adam', pretrain_embedding='random', shuffle=True, test_data='data_path', train_data='data_path', update_embedding=True)
2018-06-11 18:58:54,560 - model.py[line:170] - INFO: =========== testing ===========
2018-06-11 18:58:54,560 - model.py[line:170] - INFO: =========== testing ===========
2018-06-11 19:01:42,406 - main.py[line:77] - INFO: Namespace(CRF=True, batch_size=64, clip=5.0, demo_model='1528700038', dropout=0.5, embedding_dim=300, epoch=40, hidden_dim=300, lr=0.001, mode='test', optimizer='Adam', pretrain_embedding='random', shuffle=True, test_data='data_path', train_data='data_path', update_embedding=True)
2018-06-11 19:01:44,575 - model.py[line:170] - INFO: =========== testing ===========
2018-06-11 19:01:44,575 - model.py[line:170] - INFO: =========== testing ===========
2018-06-11 19:34:22,382 - main.py[line:77] - INFO: Namespace(CRF=True, batch_size=64, clip=5.0, demo_model='1528700038', dropout=0.5, embedding_dim=300, epoch=40, hidden_dim=300, lr=0.001, mode='test', optimizer='Adam', pretrain_embedding='random', shuffle=True, test_data='data_path', train_data='data_path', update_embedding=True)
2018-06-11 19:34:24,217 - model.py[line:170] - INFO: =========== testing ===========
2018-06-11 19:34:24,217 - model.py[line:170] - INFO: =========== testing ===========
2018-06-11 19:50:31,680 - main.py[line:77] - INFO: Namespace(CRF=True, batch_size=64, clip=5.0, demo_model='1528700038', dropout=0.5, embedding_dim=300, epoch=40, hidden_dim=300, lr=0.001, mode='test', optimizer='Adam', pretrain_embedding='random', shuffle=True, test_data='data_path', train_data='data_path', update_embedding=True)
2018-06-11 19:50:33,688 - model.py[line:170] - INFO: =========== testing ===========
2018-06-11 19:50:33,688 - model.py[line:170] - INFO: =========== testing ===========
2018-06-12 09:15:39,888 - main.py[line:77] - INFO: Namespace(CRF=True, batch_size=64, clip=5.0, demo_model='1528700038', dropout=0.5, embedding_dim=300, epoch=40, hidden_dim=300, lr=0.001, mode='test', optimizer='Adam', pretrain_embedding='random', shuffle=True, test_data='data_path', train_data='data_path', update_embedding=True)
2018-06-12 09:15:42,036 - model.py[line:170] - INFO: =========== testing ===========
2018-06-12 09:15:42,036 - model.py[line:170] - INFO: =========== testing ===========
2018-06-12 09:15:47,373 - model.py[line:322] - INFO: processed 9814 tokens with 824 phrases; found: 891 phrases; correct: 703.
2018-06-12 09:15:47,373 - model.py[line:322] - INFO: processed 9814 tokens with 824 phrases; found: 891 phrases; correct: 703.
2018-06-12 09:15:47,373 - model.py[line:323] - INFO: luanma
2018-06-12 09:15:47,373 - model.py[line:323] - INFO: luanma
2018-06-12 09:15:47,374 - model.py[line:322] - INFO: accuracy:  96.14%; precision:  78.90%; recall:  85.32%; FB1:  81.98
2018-06-12 09:15:47,374 - model.py[line:322] - INFO: accuracy:  96.14%; precision:  78.90%; recall:  85.32%; FB1:  81.98
2018-06-12 09:15:47,374 - model.py[line:323] - INFO: luanma
2018-06-12 09:15:47,374 - model.py[line:323] - INFO: luanma
2018-06-12 09:15:47,374 - model.py[line:322] - INFO: Organization: precision:  89.47%; recall:  94.44%; FB1:  91.89  19
2018-06-12 09:15:47,374 - model.py[line:322] - INFO: Organization: precision:  89.47%; recall:  94.44%; FB1:  91.89  19
2018-06-12 09:15:47,374 - model.py[line:323] - INFO: luanma
2018-06-12 09:15:47,374 - model.py[line:323] - INFO: luanma
2018-06-12 09:15:47,374 - model.py[line:322] - INFO: Process: precision:  66.07%; recall:  66.07%; FB1:  66.07  56
2018-06-12 09:15:47,374 - model.py[line:322] - INFO: Process: precision:  66.07%; recall:  66.07%; FB1:  66.07  56
2018-06-12 09:15:47,374 - model.py[line:323] - INFO: luanma
2018-06-12 09:15:47,374 - model.py[line:323] - INFO: luanma
2018-06-12 09:15:47,374 - model.py[line:322] - INFO: State: precision:  79.53%; recall:  86.53%; FB1:  82.89  816
2018-06-12 09:15:47,374 - model.py[line:322] - INFO: State: precision:  79.53%; recall:  86.53%; FB1:  82.89  816
2018-06-12 09:15:47,374 - model.py[line:323] - INFO: luanma
2018-06-12 09:15:47,374 - model.py[line:323] - INFO: luanma
2018-06-12 09:22:20,865 - main.py[line:77] - INFO: Namespace(CRF=True, batch_size=64, clip=5.0, demo_model='1528700038', dropout=0.5, embedding_dim=300, epoch=40, hidden_dim=300, lr=0.001, mode='test', optimizer='Adam', pretrain_embedding='random', shuffle=True, test_data='data_path', train_data='data_path', update_embedding=True)
2018-06-12 09:22:22,620 - model.py[line:170] - INFO: =========== testing ===========
2018-06-12 09:22:22,620 - model.py[line:170] - INFO: =========== testing ===========
2018-06-12 09:22:27,245 - model.py[line:321] - INFO: processed 9814 tokens with 824 phrases; found: 891 phrases; correct: 703.
2018-06-12 09:22:27,245 - model.py[line:321] - INFO: processed 9814 tokens with 824 phrases; found: 891 phrases; correct: 703.
2018-06-12 09:22:27,246 - model.py[line:321] - INFO: accuracy:  96.14%; precision:  78.90%; recall:  85.32%; FB1:  81.98
2018-06-12 09:22:27,246 - model.py[line:321] - INFO: accuracy:  96.14%; precision:  78.90%; recall:  85.32%; FB1:  81.98
2018-06-12 09:22:27,246 - model.py[line:321] - INFO: Organization: precision:  89.47%; recall:  94.44%; FB1:  91.89  19
2018-06-12 09:22:27,246 - model.py[line:321] - INFO: Organization: precision:  89.47%; recall:  94.44%; FB1:  91.89  19
2018-06-12 09:22:27,246 - model.py[line:321] - INFO: Process: precision:  66.07%; recall:  66.07%; FB1:  66.07  56
2018-06-12 09:22:27,246 - model.py[line:321] - INFO: Process: precision:  66.07%; recall:  66.07%; FB1:  66.07  56
2018-06-12 09:22:27,246 - model.py[line:321] - INFO: State: precision:  79.53%; recall:  86.53%; FB1:  82.89  816
2018-06-12 09:22:27,246 - model.py[line:321] - INFO: State: precision:  79.53%; recall:  86.53%; FB1:  82.89  816
2018-06-12 09:24:01,480 - main.py[line:77] - INFO: Namespace(CRF=True, batch_size=64, clip=5.0, demo_model='1528700038', dropout=0.5, embedding_dim=300, epoch=40, hidden_dim=300, lr=0.001, mode='test', optimizer='Adam', pretrain_embedding='random', shuffle=True, test_data='data_path', train_data='data_path', update_embedding=True)
2018-06-12 09:24:03,130 - model.py[line:170] - INFO: =========== testing ===========
2018-06-12 09:24:03,130 - model.py[line:170] - INFO: =========== testing ===========
2018-06-12 09:24:07,635 - model.py[line:321] - INFO: processed 9814 tokens with 824 phrases; found: 891 phrases; correct: 703.
2018-06-12 09:24:07,635 - model.py[line:321] - INFO: processed 9814 tokens with 824 phrases; found: 891 phrases; correct: 703.
2018-06-12 09:24:07,635 - model.py[line:321] - INFO: accuracy:  96.14%; precision:  78.90%; recall:  85.32%; FB1:  81.98
2018-06-12 09:24:07,635 - model.py[line:321] - INFO: accuracy:  96.14%; precision:  78.90%; recall:  85.32%; FB1:  81.98
2018-06-12 09:24:07,635 - model.py[line:321] - INFO: Organization: precision:  89.47%; recall:  94.44%; FB1:  91.89  19
2018-06-12 09:24:07,635 - model.py[line:321] - INFO: Organization: precision:  89.47%; recall:  94.44%; FB1:  91.89  19
2018-06-12 09:24:07,635 - model.py[line:321] - INFO: Process: precision:  66.07%; recall:  66.07%; FB1:  66.07  56
2018-06-12 09:24:07,635 - model.py[line:321] - INFO: Process: precision:  66.07%; recall:  66.07%; FB1:  66.07  56
2018-06-12 09:24:07,635 - model.py[line:321] - INFO: State: precision:  79.53%; recall:  86.53%; FB1:  82.89  816
2018-06-12 09:24:07,635 - model.py[line:321] - INFO: State: precision:  79.53%; recall:  86.53%; FB1:  82.89  816
